Build started 2012/11/29 下午 08:48:13.
     1>Project "D:\work\simple_uml_editor\simple_uml_editor\simple_uml_editor.vcxproj" on node 2 (build target(s)).
     1>InitializeBuildStatus:
         Creating "Debug\simple_uml_editor.unsuccessfulbuild" because "AlwaysCreate" was specified.
       CustomBuild:
         All outputs are up-to-date.
       ClCompile:
         C:\Program Files (x86)\Microsoft Visual Studio 10.0\VC\bin\CL.exe /c /I.\GeneratedFiles /I. /IC:\Qt\4.8.2\include /I.\GeneratedFiles\Debug /IC:\Qt\4.8.2\include\QtCore /IC:\Qt\4.8.2\include\QtGui /Zi /nologo /W1 /WX- /Od /Oy- /D UNICODE /D WIN32 /D QT_LARGEFILE_SUPPORT /D QT_DLL /D QT_CORE_LIB /D QT_GUI_LIB /Gm- /EHsc /MDd /GS /fp:precise /Zc:wchar_t- /Zc:forScope /Fo"Debug\\" /Fd"Debug\vc100.pdb" /Gd /TP /analyze- /errorReport:prompt usecaseobject.cpp
         usecaseobject.cpp
         All outputs are up-to-date.
       Link:
         C:\Program Files (x86)\Microsoft Visual Studio 10.0\VC\bin\link.exe /ERRORREPORT:PROMPT /OUT:"D:\work\simple_uml_editor\Win32\Debug\\simple_uml_editor.exe" /NOLOGO /LIBPATH:C:\Qt\4.8.2\lib qtmaind.lib QtCored4.lib QtGuid4.lib kernel32.lib user32.lib gdi32.lib winspool.lib comdlg32.lib advapi32.lib shell32.lib ole32.lib oleaut32.lib uuid.lib odbc32.lib odbccp32.lib /MANIFEST /ManifestFile:"Debug\simple_uml_editor.exe.intermediate.manifest" /MANIFESTUAC:"level='asInvoker' uiAccess='false'" /DEBUG /PDB:"D:\work\simple_uml_editor\Win32\Debug\simple_uml_editor.pdb" /SUBSYSTEM:WINDOWS /TLBID:1 /DYNAMICBASE /NXCOMPAT /IMPLIB:"D:\work\simple_uml_editor\Win32\Debug\simple_uml_editor.lib" /MACHINE:X86 Debug\baselink.obj
         Debug\baseobject.obj
         Debug\classobject.obj
         Debug\compositionlink.obj
         Debug\generalizationlink.obj
         Debug\moc_simple_uml_editor.obj
         Debug\moc_UMLgraphicscene.obj
         Debug\qrc_simple_uml_editor.obj
         Debug\ItemGroup.obj
         Debug\item_model.obj
         Debug\link_model.obj
         Debug\main.obj
         Debug\node.obj
         Debug\select_model.obj
         Debug\simple_uml_editor.obj
         Debug\UMLgraphicscene.obj
         Debug\usecaseobject.obj
         LINK : D:\work\simple_uml_editor\Win32\Debug\\simple_uml_editor.exe not found or not built by the last incremental link; performing full link
         simple_uml_editor.vcxproj -> D:\work\simple_uml_editor\Win32\Debug\simple_uml_editor.exe
       Manifest:
         C:\Program Files (x86)\Microsoft SDKs\Windows\v7.0A\bin\mt.exe /nologo /verbose /outputresource:"D:\work\simple_uml_editor\Win32\Debug\\simple_uml_editor.exe;#1" /manifest Debug\simple_uml_editor.exe.intermediate.manifest
       FinalizeBuildStatus:
         Deleting file "Debug\simple_uml_editor.unsuccessfulbuild".
         Touching "Debug\simple_uml_editor.lastbuildstate".
     1>Done Building Project "D:\work\simple_uml_editor\simple_uml_editor\simple_uml_editor.vcxproj" (build target(s)).

Build succeeded.

Time Elapsed 00:00:01.57
